<?xml version="1.0" encoding="UTF-8"?>
<testsuite name="org.ues.api.plataformacursos.EstudianteServiceTest" tests="2" skipped="0" failures="0" errors="0" timestamp="2025-11-27T20:33:33.409Z" hostname="NAINAI" time="2.534">
  <properties/>
  <testcase name="obtenerEstudiante_deberiaRetornarDTO()" classname="org.ues.api.plataformacursos.EstudianteServiceTest" time="2.509"/>
  <testcase name="crearEstudiante_deberiaGuardarYRetornarDTO()" classname="org.ues.api.plataformacursos.EstudianteServiceTest" time="0.022"/>
  <system-out><![CDATA[]]></system-out>
  <system-err><![CDATA[]]></system-err>
</testsuite>
