<?xml version="1.0" encoding="UTF-8"?>
<testsuite name="org.ues.api.plataformacursos.CursoServiceTest" tests="1" skipped="0" failures="0" errors="0" timestamp="2025-11-28T23:17:34.402Z" hostname="KATHPC" time="2.758">
  <properties/>
  <testcase name="obtenerCursoPorId_deberiaRetornarDTO()" classname="org.ues.api.plataformacursos.CursoServiceTest" time="2.758"/>
  <system-out><![CDATA[]]></system-out>
  <system-err><![CDATA[WARNING: A Java agent has been loaded dynamically (C:\Users\prueb\.gradle\caches\modules-2\files-2.1\net.bytebuddy\byte-buddy-agent\1.14.19\154da3a65b4f4a909d3e5bdec55d1b2b4cbb6ce1\byte-buddy-agent-1.14.19.jar)
WARNING: If a serviceability tool is in use, please run with -XX:+EnableDynamicAgentLoading to hide this warning
WARNING: If a serviceability tool is not in use, please run with -Djdk.instrument.traceUsage for more information
WARNING: Dynamic loading of agents will be disallowed by default in a future release
]]></system-err>
</testsuite>
